# JRE version: Java(TM) SE Runtime Environment (15.0.2+7) (build 15.0.2+7-27)
# Java VM: Java HotSpot(TM) 64-Bit Server VM (15.0.2+7-27, mixed mode, sharing, tiered, compressed oops, g1 gc, windows-amd64)
GC Precious Log:
 CPUs: 8 total, 8 available
 Memory: 7959M
 Large Page Support: Disabled
 NUMA Support: Disabled
 Compressed Oops: Enabled (32-bit)
 Heap Region Size: 1M
 Heap Min Capacity: 8M
 Heap Initial Capacity: 126M
 Heap Max Capacity: 1990M
 Pre-touch: Disabled
 Parallel Workers: 8
 Concurrent Workers: 2
 Concurrent Refinement Workers: 8
 Periodic GC: Disabled
Heap:
 garbage-first heap   total 367616K, used 35001K [0x0000000083a00000, 0x0000000100000000)
  region size 1024K, 1 young (1024K), 1 survivors (1024K)
 Metaspace       used 15405K, capacity 15622K, committed 15744K, reserved 1062912K
  class space    used 1532K, capacity 1605K, committed 1664K, reserved 1048576K
GC Heap History (20 events):
Event: 7652.249 GC heap after
{Heap after GC invocations=1263 (full 0):
 garbage-first heap   total 184320K, used 35102K [0x0000000083a00000, 0x0000000100000000)
  region size 1024K, 2 young (2048K), 2 survivors (2048K)
 Metaspace       used 15405K, capacity 15622K, committed 15744K, reserved 1062912K
  class space    used 1532K, capacity 1605K, committed 1664K, reserved 1048576K
}
Event: 7665.808 GC heap before
{Heap before GC invocations=1263 (full 0):
 garbage-first heap   total 184320K, used 143646K [0x0000000083a00000, 0x0000000100000000)
  region size 1024K, 108 young (110592K), 2 survivors (2048K)
 Metaspace       used 15405K, capacity 15622K, committed 15744K, reserved 1062912K
  class space    used 1532K, capacity 1605K, committed 1664K, reserved 1048576K
}
Event: 7666.141 GC heap after
{Heap after GC invocations=1264 (full 0):
 garbage-first heap   total 184320K, used 35021K [0x0000000083a00000, 0x0000000100000000)
  region size 1024K, 2 young (2048K), 2 survivors (2048K)
 Metaspace       used 15405K, capacity 15622K, committed 15744K, reserved 1062912K
  class space    used 1532K, capacity 1605K, committed 1664K, reserved 1048576K
}
Event: 7677.225 GC heap before
{Heap before GC invocations=1264 (full 0):
 garbage-first heap   total 184320K, used 143565K [0x0000000083a00000, 0x0000000100000000)
  region size 1024K, 108 young (110592K), 2 survivors (2048K)
 Metaspace       used 15405K, capacity 15622K, committed 15744K, reserved 1062912K
  class space    used 1532K, capacity 1605K, committed 1664K, reserved 1048576K
}
Event: 7677.229 GC heap after
{Heap after GC invocations=1265 (full 0):
 garbage-first heap   total 184320K, used 35004K [0x0000000083a00000, 0x0000000100000000)
  region size 1024K, 2 young (2048K), 2 survivors (2048K)
 Metaspace       used 15405K, capacity 15622K, committed 15744K, reserved 1062912K
  class space    used 1532K, capacity 1605K, committed 1664K, reserved 1048576K
}
Event: 7690.372 GC heap before
{Heap before GC invocations=1265 (full 0):
 garbage-first heap   total 184320K, used 143548K [0x0000000083a00000, 0x0000000100000000)
  region size 1024K, 108 young (110592K), 2 survivors (2048K)
 Metaspace       used 15405K, capacity 15622K, committed 15744K, reserved 1062912K
  class space    used 1532K, capacity 1605K, committed 1664K, reserved 1048576K
}
Event: 7690.376 GC heap after
{Heap after GC invocations=1266 (full 0):
 garbage-first heap   total 184320K, used 35002K [0x0000000083a00000, 0x0000000100000000)
  region size 1024K, 2 young (2048K), 2 survivors (2048K)
 Metaspace       used 15405K, capacity 15622K, committed 15744K, reserved 1062912K
  class space    used 1532K, capacity 1605K, committed 1664K, reserved 1048576K
}
Event: 7701.369 GC heap before
{Heap before GC invocations=1266 (full 0):
 garbage-first heap   total 184320K, used 143546K [0x0000000083a00000, 0x0000000100000000)
  region size 1024K, 108 young (110592K), 2 survivors (2048K)
 Metaspace       used 15405K, capacity 15622K, committed 15744K, reserved 1062912K
  class space    used 1532K, capacity 1605K, committed 1664K, reserved 1048576K
}
Event: 7702.225 GC heap after
{Heap after GC invocations=1267 (full 0):
 garbage-first heap   total 184320K, used 34997K [0x0000000083a00000, 0x0000000100000000)
  region size 1024K, 2 young (2048K), 2 survivors (2048K)
 Metaspace       used 15405K, capacity 15622K, committed 15744K, reserved 1062912K
  class space    used 1532K, capacity 1605K, committed 1664K, reserved 1048576K
}
Event: 7711.364 GC heap before
{Heap before GC invocations=1267 (full 0):
 garbage-first heap   total 184320K, used 143541K [0x0000000083a00000, 0x0000000100000000)
  region size 1024K, 108 young (110592K), 2 survivors (2048K)
 Metaspace       used 15405K, capacity 15622K, committed 15744K, reserved 1062912K
  class space    used 1532K, capacity 1605K, committed 1664K, reserved 1048576K
}
Event: 7711.709 GC heap after
{Heap after GC invocations=1268 (full 0):
 garbage-first heap   total 184320K, used 35000K [0x0000000083a00000, 0x0000000100000000)
  region size 1024K, 2 young (2048K), 2 survivors (2048K)
 Metaspace       used 15405K, capacity 15622K, committed 15744K, reserved 1062912K
  class space    used 1532K, capacity 1605K, committed 1664K, reserved 1048576K
}
Event: 7728.643 GC heap before
{Heap before GC invocations=1268 (full 0):
 garbage-first heap   total 184320K, used 143544K [0x0000000083a00000, 0x0000000100000000)
  region size 1024K, 108 young (110592K), 2 survivors (2048K)
 Metaspace       used 15405K, capacity 15622K, committed 15744K, reserved 1062912K
  class space    used 1532K, capacity 1605K, committed 1664K, reserved 1048576K
}
Event: 7728.647 GC heap after
{Heap after GC invocations=1269 (full 0):
 garbage-first heap   total 184320K, used 35098K [0x0000000083a00000, 0x0000000100000000)
  region size 1024K, 2 young (2048K), 2 survivors (2048K)
 Metaspace       used 15405K, capacity 15622K, committed 15744K, reserved 1062912K
  class space    used 1532K, capacity 1605K, committed 1664K, reserved 1048576K
}
Event: 7739.169 GC heap before
{Heap before GC invocations=1269 (full 0):
 garbage-first heap   total 184320K, used 143642K [0x0000000083a00000, 0x0000000100000000)
  region size 1024K, 108 young (110592K), 2 survivors (2048K)
 Metaspace       used 15405K, capacity 15622K, committed 15744K, reserved 1062912K
  class space    used 1532K, capacity 1605K, committed 1664K, reserved 1048576K
}
Event: 7741.533 GC heap after
{Heap after GC invocations=1270 (full 0):
 garbage-first heap   total 184320K, used 35141K [0x0000000083a00000, 0x0000000100000000)
  region size 1024K, 1 young (1024K), 1 survivors (1024K)
 Metaspace       used 15405K, capacity 15622K, committed 15744K, reserved 1062912K
  class space    used 1532K, capacity 1605K, committed 1664K, reserved 1048576K
}
Event: 7744.092 GC heap before
{Heap before GC invocations=1270 (full 0):
 garbage-first heap   total 184320K, used 57669K [0x0000000083a00000, 0x0000000100000000)
  region size 1024K, 24 young (24576K), 1 survivors (1024K)
 Metaspace       used 15405K, capacity 15622K, committed 15744K, reserved 1062912K
  class space    used 1532K, capacity 1605K, committed 1664K, reserved 1048576K
}
Event: 7744.094 GC heap after
{Heap after GC invocations=1271 (full 0):
 garbage-first heap   total 184320K, used 34970K [0x0000000083a00000, 0x0000000100000000)
  region size 1024K, 1 young (1024K), 1 survivors (1024K)
 Metaspace       used 15405K, capacity 15622K, committed 15744K, reserved 1062912K
  class space    used 1532K, capacity 1605K, committed 1664K, reserved 1048576K
}
Event: 7754.398 GC heap before
{Heap before GC invocations=1271 (full 0):
 garbage-first heap   total 184320K, used 144538K [0x0000000083a00000, 0x0000000100000000)
  region size 1024K, 108 young (110592K), 1 survivors (1024K)
 Metaspace       used 15405K, capacity 15622K, committed 15744K, reserved 1062912K
  class space    used 1532K, capacity 1605K, committed 1664K, reserved 1048576K
}
Event: 7755.438 GC heap after
{Heap after GC invocations=1272 (full 0):
 garbage-first heap   total 184320K, used 34996K [0x0000000083a00000, 0x0000000100000000)
  region size 1024K, 1 young (1024K), 1 survivors (1024K)
 Metaspace       used 15405K, capacity 15622K, committed 15744K, reserved 1062912K
  class space    used 1532K, capacity 1605K, committed 1664K, reserved 1048576K
}
Event: 7755.736 GC heap before
{Heap before GC invocations=1272 (full 0):
 garbage-first heap   total 184320K, used 43188K [0x0000000083a00000, 0x0000000100000000)
  region size 1024K, 9 young (9216K), 1 survivors (1024K)
 Metaspace       used 15405K, capacity 15622K, committed 15744K, reserved 1062912K
  class space    used 1532K, capacity 1605K, committed 1664K, reserved 1048576K
}

